<?xml version="1.0" encoding="UTF-8"?>
<!-- Generated by org.testng.reporters.JUnitXMLReporter -->
<testsuite ignored="0" hostname="DESKTOP-17VR8JT" failures="0" tests="4" name="Default test" time="20.527" errors="0" timestamp="2022-12-17T13:27:41 BDT">
  <testcase classname="WebAutomation.Project1.Practice" name="openUrl" time="2.382"/>
  <testcase classname="WebAutomation.Project1.Practice" name="TextArea" time="8.534"/>
  <testcase classname="WebAutomation.Project1.Practice" name="checkBoxradioButton" time="5.29"/>
  <testcase classname="WebAutomation.Project1.Practice" name="DropDown" time="4.267"/>
</testsuite> <!-- Default test -->
