<?xml version="1.0" encoding="UTF-8"?>
<testng-results ignored="0" total="4" passed="4" failed="0" skipped="0">
  <reporter-output>
  </reporter-output>
  <suite started-at="2022-12-17T13:27:21 BDT" name="Default suite" finished-at="2022-12-17T13:27:41 BDT" duration-ms="20527">
    <groups>
    </groups>
    <test started-at="2022-12-17T13:27:21 BDT" name="Default test" finished-at="2022-12-17T13:27:41 BDT" duration-ms="20527">
      <class name="WebAutomation.Project1.Practice">
        <test-method is-config="true" signature="Start()[pri:0, instance:WebAutomation.Project1.Practice@2a4fb17b]" started-at="2022-12-17T13:27:18 BDT" name="Start" finished-at="2022-12-17T13:27:21 BDT" duration-ms="3179" status="PASS">
          <reporter-output>
          </reporter-output>
        </test-method> <!-- Start -->
        <test-method signature="openUrl()[pri:0, instance:WebAutomation.Project1.Practice@2a4fb17b]" started-at="2022-12-17T13:27:21 BDT" name="openUrl" finished-at="2022-12-17T13:27:23 BDT" duration-ms="2382" status="PASS">
          <reporter-output>
          </reporter-output>
        </test-method> <!-- openUrl -->
        <test-method signature="TextArea()[pri:1, instance:WebAutomation.Project1.Practice@2a4fb17b]" started-at="2022-12-17T13:27:23 BDT" name="TextArea" finished-at="2022-12-17T13:27:32 BDT" duration-ms="8534" status="PASS">
          <reporter-output>
          </reporter-output>
        </test-method> <!-- TextArea -->
        <test-method signature="checkBoxradioButton()[pri:2, instance:WebAutomation.Project1.Practice@2a4fb17b]" started-at="2022-12-17T13:27:32 BDT" name="checkBoxradioButton" finished-at="2022-12-17T13:27:37 BDT" duration-ms="5290" status="PASS">
          <reporter-output>
          </reporter-output>
        </test-method> <!-- checkBoxradioButton -->
        <test-method signature="DropDown()[pri:3, instance:WebAutomation.Project1.Practice@2a4fb17b]" started-at="2022-12-17T13:27:37 BDT" name="DropDown" finished-at="2022-12-17T13:27:41 BDT" duration-ms="4267" status="PASS">
          <reporter-output>
          </reporter-output>
        </test-method> <!-- DropDown -->
      </class> <!-- WebAutomation.Project1.Practice -->
    </test> <!-- Default test -->
  </suite> <!-- Default suite -->
</testng-results>
